<?xml version="1.0" encoding="UTF-8"?>
<!-- Generated by org.testng.reporters.JUnitXMLReporter -->
<testsuite ignored="2" hostname="Sandeep" failures="0" tests="3" name="Home Page Test 3" time="12.798" errors="0" timestamp="23 Aug 2024 11:00:38 GMT">
  <testcase classname="com.qa.opencart.tests.HomePageTest" name="verifySearch" time="0.858"/>
  <testcase classname="com.qa.opencart.tests.HomePageTest" name="verifySearch" time="0.862"/>
  <testcase classname="com.qa.opencart.tests.HomePageTest" name="verifySearch" time="0.869"/>
  <testcase classname="com.qa.opencart.tests.HomePageTest" name="verifyHomePageURL" time="0.0">
    <ignored/>
  </testcase> <!-- verifyHomePageURL -->
  <testcase classname="com.qa.opencart.tests.HomePageTest" name="verifyHomePageTitle" time="0.0">
    <ignored/>
  </testcase> <!-- verifyHomePageTitle -->
</testsuite> <!-- Home Page Test 3 -->
