<?xml version="1.0" encoding="UTF-8"?>
<!-- Generated by org.testng.reporters.JUnitXMLReporter -->
<testsuite ignored="2" hostname="Sandeep" failures="0" tests="1" name="Home Page Test 2" time="9.592" errors="0" timestamp="23 Aug 2024 11:00:26 GMT">
  <testcase classname="com.qa.opencart.tests.HomePageTest" name="verifyHomePageURL" time="0.003"/>
  <testcase classname="com.qa.opencart.tests.HomePageTest" name="verifyHomePageTitle" time="0.0">
    <ignored/>
  </testcase> <!-- verifyHomePageTitle -->
  <testcase classname="com.qa.opencart.tests.HomePageTest" name="verifySearch" time="0.0">
    <ignored/>
  </testcase> <!-- verifySearch -->
</testsuite> <!-- Home Page Test 2 -->
