<?xml version="1.0" encoding="UTF-8"?>
<!-- Generated by org.testng.reporters.JUnitXMLReporter -->
<testsuite ignored="0" hostname="Sandeep" failures="0" tests="3" name="Default test" time="20.998" errors="0" timestamp="2024-08-26T17:09:32 IST">
  <testcase classname="com.qa.opencart.tests.LoginPageTest" name="verifyLogiPageTitle" time="0.909"/>
  <testcase classname="com.qa.opencart.tests.LoginPageTest" name="veriftForgotPwdLink" time="0.033"/>
  <testcase classname="com.qa.opencart.tests.LoginPageTest" name="verifyLogin" time="1.046"/>
</testsuite> <!-- Default test -->
