<?xml version="1.0" encoding="UTF-8"?>
<!-- Generated by org.testng.reporters.JUnitXMLReporter -->
<testsuite ignored="0" hostname="Sandeep" failures="1" tests="2" name="Login Page Test Suite" time="0.133" errors="0" timestamp="2024-08-28T22:54:03 IST">
  <testcase classname="com.qa.opencart.tests.LoginPageTest" name="verifyLogiPageTitle" time="0.0">
    <skipped/>
  </testcase> <!-- verifyLogiPageTitle -->
  <testcase classname="com.qa.opencart.tests.LoginPageTest" name="verifyLogiPageTitle" time="0.043">
    <failure type="java.lang.NullPointerException">
      <![CDATA[java.lang.NullPointerException
at com.qa.opencart.playwrightfactory.PlaywrightFactory.takeScreenShot(PlaywrightFactory.java:83)
at com.qa.opencart.listeners.ExtentReportListener.onTestSkipped(ExtentReportListener.java:103)
at org.testng.internal.TestListenerHelper.runTestListeners(TestListenerHelper.java:106)
at org.testng.internal.invokers.TestInvoker.runTestResultListener(TestInvoker.java:285)
at org.testng.internal.invokers.TestInvoker.invokeListenersForSkippedTestResult(TestInvoker.java:523)
at org.testng.internal.invokers.TestInvoker.invokeMethod(TestInvoker.java:621)
at org.testng.internal.invokers.TestInvoker.invokeTestMethod(TestInvoker.java:230)
at org.testng.internal.invokers.MethodRunner.runInSequence(MethodRunner.java:63)
at org.testng.internal.invokers.TestInvoker$MethodInvocationAgent.invoke(TestInvoker.java:992)
at org.testng.internal.invokers.TestInvoker.invokeTestMethods(TestInvoker.java:203)
at org.testng.internal.invokers.TestMethodWorker.invokeTestMethods(TestMethodWorker.java:154)
at org.testng.internal.invokers.TestMethodWorker.run(TestMethodWorker.java:134)
at java.base/java.util.ArrayList.forEach(ArrayList.java:1541)
at org.testng.TestRunner.privateRun(TestRunner.java:739)
at org.testng.TestRunner.run(TestRunner.java:614)
at org.testng.SuiteRunner.runTest(SuiteRunner.java:421)
at org.testng.SuiteRunner$SuiteWorker.run(SuiteRunner.java:463)
at org.testng.internal.thread.ThreadUtil.lambda$execute$0(ThreadUtil.java:64)
at java.base/java.util.concurrent.FutureTask.run(FutureTask.java:264)
at java.base/java.util.concurrent.ThreadPoolExecutor.runWorker(ThreadPoolExecutor.java:1128)
at java.base/java.util.concurrent.ThreadPoolExecutor$Worker.run(ThreadPoolExecutor.java:628)
at java.base/java.lang.Thread.run(Thread.java:834)
]]>
    </failure>
  </testcase> <!-- verifyLogiPageTitle -->
</testsuite> <!-- Login Page Test Suite -->
