<?xml version="1.0" encoding="UTF-8"?>
<testsuite xmlns:xsi="http://www.w3.org/2001/XMLSchema-instance" xsi:noNamespaceSchemaLocation="https://maven.apache.org/surefire/maven-surefire-plugin/xsd/surefire-test-report.xsd" version="3.0.2" name="TestSuite" time="13.265" tests="4" errors="0" skipped="2" failures="2">
  <properties>
[...]
</properties>
  <testcase name="setUp[firefox](0)" classname="com.qa.opencart.tests.LoginPageTest" time="12.2">
    <failure message="Error {&#10;  message=&apos;Connecting to SELENIUM_REMOTE_URL is only supported by Chromium&#10;  name=&apos;Error&#10;  stack=&apos;Error: Connecting to SELENIUM_REMOTE_URL is only supported by Chromium&#10;    at Firefox._launchWithSeleniumHub (C:\Users\Papu\AppData\Local\Temp\playwright-java-11820649252697159684\package\lib\server\browserType.js:254:11)&#10;    at C:\Users\Papu\AppData\Local\Temp\playwright-java-11820649252697159684\package\lib\server\browserType.js:63:39&#10;    at ProgressController.run (C:\Users\Papu\AppData\Local\Temp\playwright-java-11820649252697159684\package\lib\server\progress.js:81:23)&#10;    at Firefox.launch (C:\Users\Papu\AppData\Local\Temp\playwright-java-11820649252697159684\package\lib\server\browserType.js:61:38)&#10;    at BrowserTypeDispatcher.launch (C:\Users\Papu\AppData\Local\Temp\playwright-java-11820649252697159684\package\lib\server\dispatchers\browserTypeDispatcher.js:35:40)&#10;    at BrowserTypeDispatcher._handleCommand (C:\Users\Papu\AppData\Local\Temp\playwright-java-11820649252697159684\package\lib\server\dispatchers\dispatcher.js:94:40)&#10;    at DispatcherConnection.dispatch (C:\Users\Papu\AppData\Local\Temp\playwright-java-11820649252697159684\package\lib\server\dispatchers\dispatcher.js:361:39)&#10;}" type="com.microsoft.playwright.PlaywrightException"><![CDATA[com.microsoft.playwright.PlaywrightException: 
Error {
  message='Connecting to SELENIUM_REMOTE_URL is only supported by Chromium
  name='Error
  stack='Error: Connecting to SELENIUM_REMOTE_URL is only supported by Chromium
    at Firefox._launchWithSeleniumHub (C:\Users\Papu\AppData\Local\Temp\playwright-java-11820649252697159684\package\lib\server\browserType.js:254:11)
    at C:\Users\Papu\AppData\Local\Temp\playwright-java-11820649252697159684\package\lib\server\browserType.js:63:39
    at ProgressController.run (C:\Users\Papu\AppData\Local\Temp\playwright-java-11820649252697159684\package\lib\server\progress.js:81:23)
    at Firefox.launch (C:\Users\Papu\AppData\Local\Temp\playwright-java-11820649252697159684\package\lib\server\browserType.js:61:38)
    at BrowserTypeDispatcher.launch (C:\Users\Papu\AppData\Local\Temp\playwright-java-11820649252697159684\package\lib\server\dispatchers\browserTypeDispatcher.js:35:40)
    at BrowserTypeDispatcher._handleCommand (C:\Users\Papu\AppData\Local\Temp\playwright-java-11820649252697159684\package\lib\server\dispatchers\dispatcher.js:94:40)
    at DispatcherConnection.dispatch (C:\Users\Papu\AppData\Local\Temp\playwright-java-11820649252697159684\package\lib\server\dispatchers\dispatcher.js:361:39)
}
	at com.microsoft.playwright.impl.WaitableResult.get(WaitableResult.java:56)
	at com.microsoft.playwright.impl.ChannelOwner.runUntil(ChannelOwner.java:120)
	at com.microsoft.playwright.impl.Connection.sendMessage(Connection.java:130)
	at com.microsoft.playwright.impl.ChannelOwner.sendMessage(ChannelOwner.java:106)
	at com.microsoft.playwright.impl.BrowserTypeImpl.launchImpl(BrowserTypeImpl.java:50)
	at com.microsoft.playwright.impl.BrowserTypeImpl.lambda$launch$0(BrowserTypeImpl.java:42)
	at com.microsoft.playwright.impl.LoggingSupport.withLogging(LoggingSupport.java:47)
	at com.microsoft.playwright.impl.ChannelOwner.withLogging(ChannelOwner.java:89)
	at com.microsoft.playwright.impl.BrowserTypeImpl.launch(BrowserTypeImpl.java:42)
	at com.microsoft.playwright.impl.BrowserTypeImpl.launch(BrowserTypeImpl.java:35)
	at com.qa.opencart.playwrightfactory.PlaywrightFactory.initiBrowser(PlaywrightFactory.java:60)
	at com.qa.opencart.base.BaseTest.setUp(BaseTest.java:29)
	at java.base/jdk.internal.reflect.NativeMethodAccessorImpl.invoke0(Native Method)
	at java.base/jdk.internal.reflect.NativeMethodAccessorImpl.invoke(NativeMethodAccessorImpl.java:62)
	at java.base/jdk.internal.reflect.DelegatingMethodAccessorImpl.invoke(DelegatingMethodAccessorImpl.java:43)
	at java.base/java.lang.reflect.Method.invoke(Method.java:566)
	at org.testng.internal.invokers.MethodInvocationHelper.invokeMethod(MethodInvocationHelper.java:141)
	at org.testng.internal.invokers.MethodInvocationHelper.invokeMethodConsideringTimeout(MethodInvocationHelper.java:71)
	at org.testng.internal.invokers.ConfigInvoker.invokeConfigurationMethod(ConfigInvoker.java:400)
	at org.testng.internal.invokers.ConfigInvoker.invokeConfigurations(ConfigInvoker.java:333)
	at org.testng.TestRunner.invokeTestConfigurations(TestRunner.java:655)
	at org.testng.TestRunner.beforeRun(TestRunner.java:644)
	at org.testng.TestRunner.run(TestRunner.java:610)
	at org.testng.SuiteRunner.runTest(SuiteRunner.java:421)
	at org.testng.SuiteRunner$SuiteWorker.run(SuiteRunner.java:463)
	at org.testng.internal.thread.ThreadUtil.lambda$execute$0(ThreadUtil.java:64)
	at java.base/java.util.concurrent.FutureTask.run(FutureTask.java:264)
	at java.base/java.util.concurrent.ThreadPoolExecutor.runWorker(ThreadPoolExecutor.java:1128)
	at java.base/java.util.concurrent.ThreadPoolExecutor$Worker.run(ThreadPoolExecutor.java:628)
	at java.base/java.lang.Thread.run(Thread.java:834)
Caused by: com.microsoft.playwright.impl.DriverException: Error {
  message='Connecting to SELENIUM_REMOTE_URL is only supported by Chromium
  name='Error
  stack='Error: Connecting to SELENIUM_REMOTE_URL is only supported by Chromium
    at Firefox._launchWithSeleniumHub (C:\Users\Papu\AppData\Local\Temp\playwright-java-11820649252697159684\package\lib\server\browserType.js:254:11)
    at C:\Users\Papu\AppData\Local\Temp\playwright-java-11820649252697159684\package\lib\server\browserType.js:63:39
    at ProgressController.run (C:\Users\Papu\AppData\Local\Temp\playwright-java-11820649252697159684\package\lib\server\progress.js:81:23)
    at Firefox.launch (C:\Users\Papu\AppData\Local\Temp\playwright-java-11820649252697159684\package\lib\server\browserType.js:61:38)
    at BrowserTypeDispatcher.launch (C:\Users\Papu\AppData\Local\Temp\playwright-java-11820649252697159684\package\lib\server\dispatchers\browserTypeDispatcher.js:35:40)
    at BrowserTypeDispatcher._handleCommand (C:\Users\Papu\AppData\Local\Temp\playwright-java-11820649252697159684\package\lib\server\dispatchers\dispatcher.js:94:40)
    at DispatcherConnection.dispatch (C:\Users\Papu\AppData\Local\Temp\playwright-java-11820649252697159684\package\lib\server\dispatchers\dispatcher.js:361:39)
}
	at com.microsoft.playwright.impl.Connection.dispatch(Connection.java:259)
	at com.microsoft.playwright.impl.Connection.processOneMessage(Connection.java:211)
	at com.microsoft.playwright.impl.ChannelOwner.runUntil(ChannelOwner.java:118)
	... 28 more
]]></failure>
    <system-out><![CDATA[...
... TestNG 7.10.2 by Cédric Beust (cedric@beust.com)
...

The Test Started !!!!!!
The browser name is : firefox
]]></system-out>
    <system-err><![CDATA[SLF4J: Failed to load class "org.slf4j.impl.StaticLoggerBinder".
SLF4J: Defaulting to no-operation (NOP) logger implementation
SLF4J: See http://www.slf4j.org/codes.html#StaticLoggerBinder for further details.
]]></system-err>
  </testcase>
  <testcase name="verifyLogiPageTitle" classname="com.qa.opencart.tests.LoginPageTest" time="0.0">
    <skipped message="Error {&#10;  message=&apos;Connecting to SELENIUM_REMOTE_URL is only supported by Chromium&#10;  name=&apos;Error&#10;  stack=&apos;Error: Connecting to SELENIUM_REMOTE_URL is only supported by Chromium&#10;    at Firefox._launchWithSeleniumHub (C:\Users\Papu\AppData\Local\Temp\playwright-java-11820649252697159684\package\lib\server\browserType.js:254:11)&#10;    at C:\Users\Papu\AppData\Local\Temp\playwright-java-11820649252697159684\package\lib\server\browserType.js:63:39&#10;    at ProgressController.run (C:\Users\Papu\AppData\Local\Temp\playwright-java-11820649252697159684\package\lib\server\progress.js:81:23)&#10;    at Firefox.launch (C:\Users\Papu\AppData\Local\Temp\playwright-java-11820649252697159684\package\lib\server\browserType.js:61:38)&#10;    at BrowserTypeDispatcher.launch (C:\Users\Papu\AppData\Local\Temp\playwright-java-11820649252697159684\package\lib\server\dispatchers\browserTypeDispatcher.js:35:40)&#10;    at BrowserTypeDispatcher._handleCommand (C:\Users\Papu\AppData\Local\Temp\playwright-java-11820649252697159684\package\lib\server\dispatchers\dispatcher.js:94:40)&#10;    at DispatcherConnection.dispatch (C:\Users\Papu\AppData\Local\Temp\playwright-java-11820649252697159684\package\lib\server\dispatchers\dispatcher.js:361:39)&#10;}"/>
    <system-out><![CDATA[The qualified name is : com.qa.opencart.tests.LoginPageTest.verifyLogiPageTitle
verifyLogiPageTitle STARTED !!!!
]]></system-out>
  </testcase>
  <testcase name="verifyLogiPageTitle" classname="com.qa.opencart.tests.LoginPageTest" time="0.016">
    <failure type="java.lang.NullPointerException"><![CDATA[java.lang.NullPointerException
	at com.qa.opencart.playwrightfactory.PlaywrightFactory.takeScreenShot(PlaywrightFactory.java:83)
	at com.qa.opencart.listeners.ExtentReportListener.onTestSkipped(ExtentReportListener.java:103)
	at org.testng.internal.TestListenerHelper.runTestListeners(TestListenerHelper.java:106)
	at org.testng.internal.invokers.TestInvoker.runTestResultListener(TestInvoker.java:285)
	at org.testng.internal.invokers.TestInvoker.invokeListenersForSkippedTestResult(TestInvoker.java:523)
	at org.testng.internal.invokers.TestInvoker.invokeMethod(TestInvoker.java:621)
	at org.testng.internal.invokers.TestInvoker.invokeTestMethod(TestInvoker.java:230)
	at org.testng.internal.invokers.MethodRunner.runInSequence(MethodRunner.java:63)
	at org.testng.internal.invokers.TestInvoker$MethodInvocationAgent.invoke(TestInvoker.java:992)
	at org.testng.internal.invokers.TestInvoker.invokeTestMethods(TestInvoker.java:203)
	at org.testng.internal.invokers.TestMethodWorker.invokeTestMethods(TestMethodWorker.java:154)
	at org.testng.internal.invokers.TestMethodWorker.run(TestMethodWorker.java:134)
	at java.base/java.util.ArrayList.forEach(ArrayList.java:1541)
	at org.testng.TestRunner.privateRun(TestRunner.java:739)
	at org.testng.TestRunner.run(TestRunner.java:614)
	at org.testng.SuiteRunner.runTest(SuiteRunner.java:421)
	at org.testng.SuiteRunner$SuiteWorker.run(SuiteRunner.java:463)
	at org.testng.internal.thread.ThreadUtil.lambda$execute$0(ThreadUtil.java:64)
	at java.base/java.util.concurrent.FutureTask.run(FutureTask.java:264)
	at java.base/java.util.concurrent.ThreadPoolExecutor.runWorker(ThreadPoolExecutor.java:1128)
	at java.base/java.util.concurrent.ThreadPoolExecutor$Worker.run(ThreadPoolExecutor.java:628)
	at java.base/java.lang.Thread.run(Thread.java:834)
]]></failure>
    <system-out><![CDATA[verifyLogiPageTitleSKIPPED !!!!
]]></system-out>
  </testcase>
  <testcase name="tearDown" classname="com.qa.opencart.tests.LoginPageTest" time="0.0">
    <skipped/>
    <system-out><![CDATA[verifyLogiPageTitleFAILED !!!!
]]></system-out>
  </testcase>
</testsuite>