<?xml version="1.0" encoding="UTF-8"?>
<testsuite xmlns:xsi="http://www.w3.org/2001/XMLSchema-instance" xsi:noNamespaceSchemaLocation="https://maven.apache.org/surefire/maven-surefire-plugin/xsd/surefire-test-report.xsd" version="3.0.2" name="TestSuite" time="13.265" tests="4" errors="0" skipped="2" failures="2">
  <properties>
    <property name="sun.desktop" value="windows"/>
    <property name="awt.toolkit" value="sun.awt.windows.WToolkit"/>
    <property name="java.specification.version" value="11"/>
    <property name="sun.cpu.isalist" value="amd64"/>
    <property name="sun.jnu.encoding" value="Cp1252"/>
    <property name="java.class.path" value="C:\Users\Papu\eclipse-workspace\Hybrid_Playwright_POM\target\test-classes;C:\Users\Papu\eclipse-workspace\Hybrid_Playwright_POM\target\classes;C:\Users\Papu\.m2\repository\com\microsoft\playwright\playwright\1.45.0\playwright-1.45.0.jar;C:\Users\Papu\.m2\repository\com\google\code\gson\gson\2.11.0\gson-2.11.0.jar;C:\Users\Papu\.m2\repository\com\google\errorprone\error_prone_annotations\2.27.0\error_prone_annotations-2.27.0.jar;C:\Users\Papu\.m2\repository\org\opentest4j\opentest4j\1.3.0\opentest4j-1.3.0.jar;C:\Users\Papu\.m2\repository\com\microsoft\playwright\driver\1.45.0\driver-1.45.0.jar;C:\Users\Papu\.m2\repository\com\microsoft\playwright\driver-bundle\1.45.0\driver-bundle-1.45.0.jar;C:\Users\Papu\.m2\repository\org\testng\testng\7.10.2\testng-7.10.2.jar;C:\Users\Papu\.m2\repository\org\slf4j\slf4j-api\1.7.36\slf4j-api-1.7.36.jar;C:\Users\Papu\.m2\repository\com\beust\jcommander\1.82\jcommander-1.82.jar;C:\Users\Papu\.m2\repository\org\webjars\jquery\3.7.1\jquery-3.7.1.jar;C:\Users\Papu\.m2\repository\com\aventstack\extentreports\5.1.2\extentreports-5.1.2.jar;C:\Users\Papu\.m2\repository\io\reactivex\rxjava3\rxjava\3.1.6\rxjava-3.1.6.jar;C:\Users\Papu\.m2\repository\org\reactivestreams\reactive-streams\1.0.4\reactive-streams-1.0.4.jar;C:\Users\Papu\.m2\repository\org\freemarker\freemarker\2.3.32\freemarker-2.3.32.jar;C:\Users\Papu\.m2\repository\org\projectlombok\lombok\1.18.26\lombok-1.18.26.jar;"/>
    <property name="java.vm.vendor" value="Oracle Corporation"/>
    <property name="sun.arch.data.model" value="64"/>
    <property name="user.variant" value=""/>
    <property name="java.vendor.url" value="https://openjdk.java.net/"/>
    <property name="user.timezone" value="Asia/Calcutta"/>
    <property name="java.vm.specification.version" value="11"/>
    <property name="os.name" value="Windows 11"/>
    <property name="sun.java.launcher" value="SUN_STANDARD"/>
    <property name="user.country" value="IN"/>
    <property name="sun.boot.library.path" value="C:\Program Files\Java\jdk-11\bin"/>
    <property name="sun.java.command" value="C:\Users\Papu\AppData\Local\Temp\surefire875356964663077061\surefirebooter-20240829131937811_3.jar C:\Users\Papu\AppData\Local\Temp\surefire875356964663077061 2024-08-29T13-19-37_425-jvmRun1 surefire-20240829131937811_1tmp surefire_0-20240829131937811_2tmp"/>
    <property name="jdk.debug" value="release"/>
    <property name="surefire.test.class.path" value="C:\Users\Papu\eclipse-workspace\Hybrid_Playwright_POM\target\test-classes;C:\Users\Papu\eclipse-workspace\Hybrid_Playwright_POM\target\classes;C:\Users\Papu\.m2\repository\com\microsoft\playwright\playwright\1.45.0\playwright-1.45.0.jar;C:\Users\Papu\.m2\repository\com\google\code\gson\gson\2.11.0\gson-2.11.0.jar;C:\Users\Papu\.m2\repository\com\google\errorprone\error_prone_annotations\2.27.0\error_prone_annotations-2.27.0.jar;C:\Users\Papu\.m2\repository\org\opentest4j\opentest4j\1.3.0\opentest4j-1.3.0.jar;C:\Users\Papu\.m2\repository\com\microsoft\playwright\driver\1.45.0\driver-1.45.0.jar;C:\Users\Papu\.m2\repository\com\microsoft\playwright\driver-bundle\1.45.0\driver-bundle-1.45.0.jar;C:\Users\Papu\.m2\repository\org\testng\testng\7.10.2\testng-7.10.2.jar;C:\Users\Papu\.m2\repository\org\slf4j\slf4j-api\1.7.36\slf4j-api-1.7.36.jar;C:\Users\Papu\.m2\repository\com\beust\jcommander\1.82\jcommander-1.82.jar;C:\Users\Papu\.m2\repository\org\webjars\jquery\3.7.1\jquery-3.7.1.jar;C:\Users\Papu\.m2\repository\com\aventstack\extentreports\5.1.2\extentreports-5.1.2.jar;C:\Users\Papu\.m2\repository\io\reactivex\rxjava3\rxjava\3.1.6\rxjava-3.1.6.jar;C:\Users\Papu\.m2\repository\org\reactivestreams\reactive-streams\1.0.4\reactive-streams-1.0.4.jar;C:\Users\Papu\.m2\repository\org\freemarker\freemarker\2.3.32\freemarker-2.3.32.jar;C:\Users\Papu\.m2\repository\org\projectlombok\lombok\1.18.26\lombok-1.18.26.jar;"/>
    <property name="sun.cpu.endian" value="little"/>
    <property name="user.home" value="C:\Users\Papu"/>
    <property name="user.language" value="en"/>
    <property name="java.specification.vendor" value="Oracle Corporation"/>
    <property name="java.version.date" value="2023-10-17"/>
    <property name="java.home" value="C:\Program Files\Java\jdk-11"/>
    <property name="file.separator" value="\"/>
    <property name="basedir" value="C:\Users\Papu\eclipse-workspace\Hybrid_Playwright_POM"/>
    <property name="java.vm.compressedOopsMode" value="Zero based"/>
    <property name="line.separator" value="&#10;"/>
    <property name="java.specification.name" value="Java Platform API Specification"/>
    <property name="java.vm.specification.vendor" value="Oracle Corporation"/>
    <property name="java.awt.graphicsenv" value="sun.awt.Win32GraphicsEnvironment"/>
    <property name="surefire.real.class.path" value="C:\Users\Papu\AppData\Local\Temp\surefire875356964663077061\surefirebooter-20240829131937811_3.jar"/>
    <property name="user.script" value=""/>
    <property name="sun.management.compiler" value="HotSpot 64-Bit Tiered Compilers"/>
    <property name="java.runtime.version" value="11.0.21+9-LTS-193"/>
    <property name="user.name" value="Papu"/>
    <property name="path.separator" value=";"/>
    <property name="os.version" value="10.0"/>
    <property name="java.runtime.name" value="Java(TM) SE Runtime Environment"/>
    <property name="file.encoding" value="Cp1252"/>
    <property name="java.vm.name" value="Java HotSpot(TM) 64-Bit Server VM"/>
    <property name="java.vendor.version" value="18.9"/>
    <property name="localRepository" value="C:\Users\Papu\.m2\repository"/>
    <property name="java.vendor.url.bug" value="https://bugreport.java.com/bugreport/"/>
    <property name="java.io.tmpdir" value="C:\Users\Papu\AppData\Local\Temp\"/>
    <property name="java.version" value="11.0.21"/>
    <property name="user.dir" value="C:\Users\Papu\eclipse-workspace\Hybrid_Playwright_POM"/>
    <property name="os.arch" value="amd64"/>
    <property name="java.vm.specification.name" value="Java Virtual Machine Specification"/>
    <property name="java.awt.printerjob" value="sun.awt.windows.WPrinterJob"/>
    <property name="sun.os.patch.level" value=""/>
    <property name="java.library.path" value="C:\Program Files\Java\jdk-11\bin;C:\Windows\Sun\Java\bin;C:\Windows\system32;C:\Windows;C:\Program Files\Common Files\Oracle\Java\javapath;C:\Windows\system32;C:\Windows;C:\Windows\System32\Wbem;C:\Windows\System32\WindowsPowerShell\v1.0\;C:\Windows\System32\OpenSSH\;C:\Program Files\Java\jdk-11\bin;C:\Program Files\apache-maven-3.9.8-bin\apache-maven-3.9.8\bin;;C:\Program Files\Docker\Docker\resources\bin;C:\Users\Papu\AppData\Local\Microsoft\WindowsApps;;."/>
    <property name="java.vendor" value="Oracle Corporation"/>
    <property name="java.vm.info" value="mixed mode"/>
    <property name="java.vm.version" value="11.0.21+9-LTS-193"/>
    <property name="java.specification.maintenance.version" value="2"/>
    <property name="sun.io.unicode.encoding" value="UnicodeLittle"/>
    <property name="java.class.version" value="55.0"/>
  </properties>
  <testcase name="setUp[firefox](0)" classname="com.qa.opencart.tests.LoginPageTest" time="12.2">
    <failure message="Error {&#10;  message=&apos;Connecting to SELENIUM_REMOTE_URL is only supported by Chromium&#10;  name=&apos;Error&#10;  stack=&apos;Error: Connecting to SELENIUM_REMOTE_URL is only supported by Chromium&#10;    at Firefox._launchWithSeleniumHub (C:\Users\Papu\AppData\Local\Temp\playwright-java-11820649252697159684\package\lib\server\browserType.js:254:11)&#10;    at C:\Users\Papu\AppData\Local\Temp\playwright-java-11820649252697159684\package\lib\server\browserType.js:63:39&#10;    at ProgressController.run (C:\Users\Papu\AppData\Local\Temp\playwright-java-11820649252697159684\package\lib\server\progress.js:81:23)&#10;    at Firefox.launch (C:\Users\Papu\AppData\Local\Temp\playwright-java-11820649252697159684\package\lib\server\browserType.js:61:38)&#10;    at BrowserTypeDispatcher.launch (C:\Users\Papu\AppData\Local\Temp\playwright-java-11820649252697159684\package\lib\server\dispatchers\browserTypeDispatcher.js:35:40)&#10;    at BrowserTypeDispatcher._handleCommand (C:\Users\Papu\AppData\Local\Temp\playwright-java-11820649252697159684\package\lib\server\dispatchers\dispatcher.js:94:40)&#10;    at DispatcherConnection.dispatch (C:\Users\Papu\AppData\Local\Temp\playwright-java-11820649252697159684\package\lib\server\dispatchers\dispatcher.js:361:39)&#10;}" type="com.microsoft.playwright.PlaywrightException"><![CDATA[com.microsoft.playwright.PlaywrightException: 
Error {
  message='Connecting to SELENIUM_REMOTE_URL is only supported by Chromium
  name='Error
  stack='Error: Connecting to SELENIUM_REMOTE_URL is only supported by Chromium
    at Firefox._launchWithSeleniumHub (C:\Users\Papu\AppData\Local\Temp\playwright-java-11820649252697159684\package\lib\server\browserType.js:254:11)
    at C:\Users\Papu\AppData\Local\Temp\playwright-java-11820649252697159684\package\lib\server\browserType.js:63:39
    at ProgressController.run (C:\Users\Papu\AppData\Local\Temp\playwright-java-11820649252697159684\package\lib\server\progress.js:81:23)
    at Firefox.launch (C:\Users\Papu\AppData\Local\Temp\playwright-java-11820649252697159684\package\lib\server\browserType.js:61:38)
    at BrowserTypeDispatcher.launch (C:\Users\Papu\AppData\Local\Temp\playwright-java-11820649252697159684\package\lib\server\dispatchers\browserTypeDispatcher.js:35:40)
    at BrowserTypeDispatcher._handleCommand (C:\Users\Papu\AppData\Local\Temp\playwright-java-11820649252697159684\package\lib\server\dispatchers\dispatcher.js:94:40)
    at DispatcherConnection.dispatch (C:\Users\Papu\AppData\Local\Temp\playwright-java-11820649252697159684\package\lib\server\dispatchers\dispatcher.js:361:39)
}
	at com.microsoft.playwright.impl.WaitableResult.get(WaitableResult.java:56)
	at com.microsoft.playwright.impl.ChannelOwner.runUntil(ChannelOwner.java:120)
	at com.microsoft.playwright.impl.Connection.sendMessage(Connection.java:130)
	at com.microsoft.playwright.impl.ChannelOwner.sendMessage(ChannelOwner.java:106)
	at com.microsoft.playwright.impl.BrowserTypeImpl.launchImpl(BrowserTypeImpl.java:50)
	at com.microsoft.playwright.impl.BrowserTypeImpl.lambda$launch$0(BrowserTypeImpl.java:42)
	at com.microsoft.playwright.impl.LoggingSupport.withLogging(LoggingSupport.java:47)
	at com.microsoft.playwright.impl.ChannelOwner.withLogging(ChannelOwner.java:89)
	at com.microsoft.playwright.impl.BrowserTypeImpl.launch(BrowserTypeImpl.java:42)
	at com.microsoft.playwright.impl.BrowserTypeImpl.launch(BrowserTypeImpl.java:35)
	at com.qa.opencart.playwrightfactory.PlaywrightFactory.initiBrowser(PlaywrightFactory.java:60)
	at com.qa.opencart.base.BaseTest.setUp(BaseTest.java:29)
	at java.base/jdk.internal.reflect.NativeMethodAccessorImpl.invoke0(Native Method)
	at java.base/jdk.internal.reflect.NativeMethodAccessorImpl.invoke(NativeMethodAccessorImpl.java:62)
	at java.base/jdk.internal.reflect.DelegatingMethodAccessorImpl.invoke(DelegatingMethodAccessorImpl.java:43)
	at java.base/java.lang.reflect.Method.invoke(Method.java:566)
	at org.testng.internal.invokers.MethodInvocationHelper.invokeMethod(MethodInvocationHelper.java:141)
	at org.testng.internal.invokers.MethodInvocationHelper.invokeMethodConsideringTimeout(MethodInvocationHelper.java:71)
	at org.testng.internal.invokers.ConfigInvoker.invokeConfigurationMethod(ConfigInvoker.java:400)
	at org.testng.internal.invokers.ConfigInvoker.invokeConfigurations(ConfigInvoker.java:333)
	at org.testng.TestRunner.invokeTestConfigurations(TestRunner.java:655)
	at org.testng.TestRunner.beforeRun(TestRunner.java:644)
	at org.testng.TestRunner.run(TestRunner.java:610)
	at org.testng.SuiteRunner.runTest(SuiteRunner.java:421)
	at org.testng.SuiteRunner$SuiteWorker.run(SuiteRunner.java:463)
	at org.testng.internal.thread.ThreadUtil.lambda$execute$0(ThreadUtil.java:64)
	at java.base/java.util.concurrent.FutureTask.run(FutureTask.java:264)
	at java.base/java.util.concurrent.ThreadPoolExecutor.runWorker(ThreadPoolExecutor.java:1128)
	at java.base/java.util.concurrent.ThreadPoolExecutor$Worker.run(ThreadPoolExecutor.java:628)
	at java.base/java.lang.Thread.run(Thread.java:834)
Caused by: com.microsoft.playwright.impl.DriverException: Error {
  message='Connecting to SELENIUM_REMOTE_URL is only supported by Chromium
  name='Error
  stack='Error: Connecting to SELENIUM_REMOTE_URL is only supported by Chromium
    at Firefox._launchWithSeleniumHub (C:\Users\Papu\AppData\Local\Temp\playwright-java-11820649252697159684\package\lib\server\browserType.js:254:11)
    at C:\Users\Papu\AppData\Local\Temp\playwright-java-11820649252697159684\package\lib\server\browserType.js:63:39
    at ProgressController.run (C:\Users\Papu\AppData\Local\Temp\playwright-java-11820649252697159684\package\lib\server\progress.js:81:23)
    at Firefox.launch (C:\Users\Papu\AppData\Local\Temp\playwright-java-11820649252697159684\package\lib\server\browserType.js:61:38)
    at BrowserTypeDispatcher.launch (C:\Users\Papu\AppData\Local\Temp\playwright-java-11820649252697159684\package\lib\server\dispatchers\browserTypeDispatcher.js:35:40)
    at BrowserTypeDispatcher._handleCommand (C:\Users\Papu\AppData\Local\Temp\playwright-java-11820649252697159684\package\lib\server\dispatchers\dispatcher.js:94:40)
    at DispatcherConnection.dispatch (C:\Users\Papu\AppData\Local\Temp\playwright-java-11820649252697159684\package\lib\server\dispatchers\dispatcher.js:361:39)
}
	at com.microsoft.playwright.impl.Connection.dispatch(Connection.java:259)
	at com.microsoft.playwright.impl.Connection.processOneMessage(Connection.java:211)
	at com.microsoft.playwright.impl.ChannelOwner.runUntil(ChannelOwner.java:118)
	... 28 more
]]></failure>
    <system-out><![CDATA[...
... TestNG 7.10.2 by CÃ©dric Beust (cedric@beust.com)
...

The Test Started !!!!!!
The browser name is : firefox
]]></system-out>
    <system-err><![CDATA[SLF4J: Failed to load class "org.slf4j.impl.StaticLoggerBinder".
SLF4J: Defaulting to no-operation (NOP) logger implementation
SLF4J: See http://www.slf4j.org/codes.html#StaticLoggerBinder for further details.
]]></system-err>
  </testcase>
  <testcase name="verifyLogiPageTitle" classname="com.qa.opencart.tests.LoginPageTest" time="0.0">
    <skipped message="Error {&#10;  message=&apos;Connecting to SELENIUM_REMOTE_URL is only supported by Chromium&#10;  name=&apos;Error&#10;  stack=&apos;Error: Connecting to SELENIUM_REMOTE_URL is only supported by Chromium&#10;    at Firefox._launchWithSeleniumHub (C:\Users\Papu\AppData\Local\Temp\playwright-java-11820649252697159684\package\lib\server\browserType.js:254:11)&#10;    at C:\Users\Papu\AppData\Local\Temp\playwright-java-11820649252697159684\package\lib\server\browserType.js:63:39&#10;    at ProgressController.run (C:\Users\Papu\AppData\Local\Temp\playwright-java-11820649252697159684\package\lib\server\progress.js:81:23)&#10;    at Firefox.launch (C:\Users\Papu\AppData\Local\Temp\playwright-java-11820649252697159684\package\lib\server\browserType.js:61:38)&#10;    at BrowserTypeDispatcher.launch (C:\Users\Papu\AppData\Local\Temp\playwright-java-11820649252697159684\package\lib\server\dispatchers\browserTypeDispatcher.js:35:40)&#10;    at BrowserTypeDispatcher._handleCommand (C:\Users\Papu\AppData\Local\Temp\playwright-java-11820649252697159684\package\lib\server\dispatchers\dispatcher.js:94:40)&#10;    at DispatcherConnection.dispatch (C:\Users\Papu\AppData\Local\Temp\playwright-java-11820649252697159684\package\lib\server\dispatchers\dispatcher.js:361:39)&#10;}"/>
    <system-out><![CDATA[The qualified name is : com.qa.opencart.tests.LoginPageTest.verifyLogiPageTitle
verifyLogiPageTitle STARTED !!!!
]]></system-out>
  </testcase>
  <testcase name="verifyLogiPageTitle" classname="com.qa.opencart.tests.LoginPageTest" time="0.016">
    <failure type="java.lang.NullPointerException"><![CDATA[java.lang.NullPointerException
	at com.qa.opencart.playwrightfactory.PlaywrightFactory.takeScreenShot(PlaywrightFactory.java:83)
	at com.qa.opencart.listeners.ExtentReportListener.onTestSkipped(ExtentReportListener.java:103)
	at org.testng.internal.TestListenerHelper.runTestListeners(TestListenerHelper.java:106)
	at org.testng.internal.invokers.TestInvoker.runTestResultListener(TestInvoker.java:285)
	at org.testng.internal.invokers.TestInvoker.invokeListenersForSkippedTestResult(TestInvoker.java:523)
	at org.testng.internal.invokers.TestInvoker.invokeMethod(TestInvoker.java:621)
	at org.testng.internal.invokers.TestInvoker.invokeTestMethod(TestInvoker.java:230)
	at org.testng.internal.invokers.MethodRunner.runInSequence(MethodRunner.java:63)
	at org.testng.internal.invokers.TestInvoker$MethodInvocationAgent.invoke(TestInvoker.java:992)
	at org.testng.internal.invokers.TestInvoker.invokeTestMethods(TestInvoker.java:203)
	at org.testng.internal.invokers.TestMethodWorker.invokeTestMethods(TestMethodWorker.java:154)
	at org.testng.internal.invokers.TestMethodWorker.run(TestMethodWorker.java:134)
	at java.base/java.util.ArrayList.forEach(ArrayList.java:1541)
	at org.testng.TestRunner.privateRun(TestRunner.java:739)
	at org.testng.TestRunner.run(TestRunner.java:614)
	at org.testng.SuiteRunner.runTest(SuiteRunner.java:421)
	at org.testng.SuiteRunner$SuiteWorker.run(SuiteRunner.java:463)
	at org.testng.internal.thread.ThreadUtil.lambda$execute$0(ThreadUtil.java:64)
	at java.base/java.util.concurrent.FutureTask.run(FutureTask.java:264)
	at java.base/java.util.concurrent.ThreadPoolExecutor.runWorker(ThreadPoolExecutor.java:1128)
	at java.base/java.util.concurrent.ThreadPoolExecutor$Worker.run(ThreadPoolExecutor.java:628)
	at java.base/java.lang.Thread.run(Thread.java:834)
]]></failure>
    <system-out><![CDATA[verifyLogiPageTitleSKIPPED !!!!
]]></system-out>
  </testcase>
  <testcase name="tearDown" classname="com.qa.opencart.tests.LoginPageTest" time="0.0">
    <skipped/>
    <system-out><![CDATA[verifyLogiPageTitleFAILED !!!!
]]></system-out>
  </testcase>
</testsuite>