<?xml version="1.0" encoding="UTF-8"?>
<!-- Generated by org.testng.reporters.JUnitXMLReporter -->
<testsuite ignored="0" hostname="Sandeep" failures="1" tests="2" name="Login Page Test Firefox" time="11.256" errors="0" timestamp="2024-08-29T13:19:50 IST">
  <testcase classname="com.qa.opencart.base.BaseTest" name="@BeforeTest setUp" time="11.137">
    <failure type="com.microsoft.playwright.PlaywrightException" message="Error {
  message=&amp;apos;Connecting to SELENIUM_REMOTE_URL is only supported by Chromium
  name=&amp;apos;Error
  stack=&amp;apos;Error: Connecting to SELENIUM_REMOTE_URL is only supported by Chromium
    at Firefox._launchWithSeleniumHub (C:\Users\Papu\AppData\Local\Temp\playwright-java-11820649252697159684\package\lib\server\browserType.js:254:11)
    at C:\Users\Papu\AppData\Local\Temp\playwright-java-11820649252697159684\package\lib\server\browserType.js:63:39
    at ProgressController.run (C:\Users\Papu\AppData\Local\Temp\playwright-java-11820649252697159684\package\lib\server\progress.js:81:23)
    at Firefox.launch (C:\Users\Papu\AppData\Local\Temp\playwright-java-11820649252697159684\package\lib\server\browserType.js:61:38)
    at BrowserTypeDispatcher.launch (C:\Users\Papu\AppData\Local\Temp\playwright-java-11820649252697159684\package\lib\server\dispatchers\browserTypeDispatcher.js:35:40)
    at BrowserTypeDispatcher._handleCommand (C:\Users\Papu\AppData\Local\Temp\playwright-java-11820649252697159684\package\lib\server\dispatchers\dispatcher.js:94:40)
    at DispatcherConnection.dispatch (C:\Users\Papu\AppData\Local\Temp\playwright-java-11820649252697159684\package\lib\server\dispatchers\dispatcher.js:361:39)
}">
      <![CDATA[com.microsoft.playwright.PlaywrightException: Error {
  message='Connecting to SELENIUM_REMOTE_URL is only supported by Chromium
  name='Error
  stack='Error: Connecting to SELENIUM_REMOTE_URL is only supported by Chromium
    at Firefox._launchWithSeleniumHub (C:\Users\Papu\AppData\Local\Temp\playwright-java-11820649252697159684\package\lib\server\browserType.js:254:11)
    at C:\Users\Papu\AppData\Local\Temp\playwright-java-11820649252697159684\package\lib\server\browserType.js:63:39
    at ProgressController.run (C:\Users\Papu\AppData\Local\Temp\playwright-java-11820649252697159684\package\lib\server\progress.js:81:23)
    at Firefox.launch (C:\Users\Papu\AppData\Local\Temp\playwright-java-11820649252697159684\package\lib\server\browserType.js:61:38)
    at BrowserTypeDispatcher.launch (C:\Users\Papu\AppData\Local\Temp\playwright-java-11820649252697159684\package\lib\server\dispatchers\browserTypeDispatcher.js:35:40)
    at BrowserTypeDispatcher._handleCommand (C:\Users\Papu\AppData\Local\Temp\playwright-java-11820649252697159684\package\lib\server\dispatchers\dispatcher.js:94:40)
    at DispatcherConnection.dispatch (C:\Users\Papu\AppData\Local\Temp\playwright-java-11820649252697159684\package\lib\server\dispatchers\dispatcher.js:361:39)
}
at com.microsoft.playwright.impl.WaitableResult.get(WaitableResult.java:56)
at com.microsoft.playwright.impl.ChannelOwner.runUntil(ChannelOwner.java:120)
at com.microsoft.playwright.impl.Connection.sendMessage(Connection.java:130)
at com.microsoft.playwright.impl.ChannelOwner.sendMessage(ChannelOwner.java:106)
at com.microsoft.playwright.impl.BrowserTypeImpl.launchImpl(BrowserTypeImpl.java:50)
at com.microsoft.playwright.impl.BrowserTypeImpl.lambda$launch$0(BrowserTypeImpl.java:42)
at com.microsoft.playwright.impl.LoggingSupport.withLogging(LoggingSupport.java:47)
at com.microsoft.playwright.impl.ChannelOwner.withLogging(ChannelOwner.java:89)
at com.microsoft.playwright.impl.BrowserTypeImpl.launch(BrowserTypeImpl.java:42)
at com.microsoft.playwright.impl.BrowserTypeImpl.launch(BrowserTypeImpl.java:35)
at com.qa.opencart.playwrightfactory.PlaywrightFactory.initiBrowser(PlaywrightFactory.java:60)
at com.qa.opencart.base.BaseTest.setUp(BaseTest.java:29)
at java.base/java.util.concurrent.FutureTask.run(FutureTask.java:264)
at java.base/java.util.concurrent.ThreadPoolExecutor.runWorker(ThreadPoolExecutor.java:1128)
at java.base/java.util.concurrent.ThreadPoolExecutor$Worker.run(ThreadPoolExecutor.java:628)
at java.base/java.lang.Thread.run(Thread.java:834)
Caused by: com.microsoft.playwright.impl.DriverException: Error {
  message='Connecting to SELENIUM_REMOTE_URL is only supported by Chromium
  name='Error
  stack='Error: Connecting to SELENIUM_REMOTE_URL is only supported by Chromium
    at Firefox._launchWithSeleniumHub (C:\Users\Papu\AppData\Local\Temp\playwright-java-11820649252697159684\package\lib\server\browserType.js:254:11)
    at C:\Users\Papu\AppData\Local\Temp\playwright-java-11820649252697159684\package\lib\server\browserType.js:63:39
    at ProgressController.run (C:\Users\Papu\AppData\Local\Temp\playwright-java-11820649252697159684\package\lib\server\progress.js:81:23)
    at Firefox.launch (C:\Users\Papu\AppData\Local\Temp\playwright-java-11820649252697159684\package\lib\server\browserType.js:61:38)
    at BrowserTypeDispatcher.launch (C:\Users\Papu\AppData\Local\Temp\playwright-java-11820649252697159684\package\lib\server\dispatchers\browserTypeDispatcher.js:35:40)
    at BrowserTypeDispatcher._handleCommand (C:\Users\Papu\AppData\Local\Temp\playwright-java-11820649252697159684\package\lib\server\dispatchers\dispatcher.js:94:40)
    at DispatcherConnection.dispatch (C:\Users\Papu\AppData\Local\Temp\playwright-java-11820649252697159684\package\lib\server\dispatchers\dispatcher.js:361:39)
}
at com.microsoft.playwright.impl.Connection.dispatch(Connection.java:259)
at com.microsoft.playwright.impl.Connection.processOneMessage(Connection.java:211)
at com.microsoft.playwright.impl.ChannelOwner.runUntil(ChannelOwner.java:118)
... 28 more
... Removed 14 stack frames]]>
    </failure>
  </testcase> <!-- @BeforeTest setUp -->
  <testcase classname="com.qa.opencart.base.BaseTest" name="@AfterTest tearDown" time="0.0">
    <skipped/>
  </testcase> <!-- @AfterTest tearDown -->
  <testcase classname="com.qa.opencart.tests.LoginPageTest" name="verifyLogiPageTitle" time="0.0">
    <skipped/>
  </testcase> <!-- verifyLogiPageTitle -->
  <testcase classname="com.qa.opencart.tests.LoginPageTest" name="verifyLogiPageTitle" time="0.045">
    <failure type="java.lang.NullPointerException">
      <![CDATA[java.lang.NullPointerException
at com.qa.opencart.playwrightfactory.PlaywrightFactory.takeScreenShot(PlaywrightFactory.java:83)
at com.qa.opencart.listeners.ExtentReportListener.onTestSkipped(ExtentReportListener.java:103)
at java.base/java.util.ArrayList.forEach(ArrayList.java:1541)
at java.base/java.util.concurrent.FutureTask.run(FutureTask.java:264)
at java.base/java.util.concurrent.ThreadPoolExecutor.runWorker(ThreadPoolExecutor.java:1128)
at java.base/java.util.concurrent.ThreadPoolExecutor$Worker.run(ThreadPoolExecutor.java:628)
at java.base/java.lang.Thread.run(Thread.java:834)
... Removed 15 stack frames]]>
    </failure>
  </testcase> <!-- verifyLogiPageTitle -->
</testsuite> <!-- Login Page Test Firefox -->
